<?xml version='1.0' encoding='UTF-8'?>
<testsuite hostname="DESKTOP-1IONT0J" name="FuzzyLogicTest" tests="6" errors="0" failures="0" skipped="0" time="0.054" timestamp="2024-09-17T13:14:07">
          <properties>
      <property name="java.specification.version" value="20"/><property name="sun.cpu.isalist" value="amd64"/><property name="sun.jnu.encoding" value="Cp1252"/><property name="sun.arch.data.model" value="64"/><property name="java.vendor.url" value="https://java.oracle.com/"/><property name="sun.boot.library.path" value="C:\Program Files\Java\jdk-20\bin"/><property name="sun.java.command" value="xsbt.boot.Boot"/><property name="jdk.debug" value="release"/><property name="java.specification.vendor" value="Oracle Corporation"/><property name="java.version.date" value="2023-07-18"/><property name="java.home" value="C:\Program Files\Java\jdk-20"/><property name="file.separator" value="\"/><property name="java.vm.compressedOopsMode" value="32-bit"/><property name="line.separator" value="
"/><property name="java.vm.specification.vendor" value="Oracle Corporation"/><property name="java.specification.name" value="Java Platform API Specification"/><property name="user.script" value=""/><property name="sun.management.compiler" value="HotSpot 64-Bit Tiered Compilers"/><property name="java.runtime.version" value="20.0.2+9-78"/><property name="user.name" value="Alexander George"/><property name="log4j.ignoreTCL" value="true"/><property name="file.encoding" value="UTF-8"/><property name="jnidispatch.path" value="C:\Users\ALEXAN~1\AppData\Local\Temp\jna-1187192857\jna6762343836544158552.dll"/><property name="jna.loaded" value="true"/><property name="java.io.tmpdir" value="C:\Users\ALEXAN~1\AppData\Local\Temp\"/><property name="java.version" value="20.0.2"/><property name="java.vm.specification.name" value="Java Virtual Machine Specification"/><property name="sun.os.patch.level" value=""/><property name="native.encoding" value="Cp1252"/><property name="java.library.path" value="C:\Program Files\Java\jdk-20\bin;C:\WINDOWS\Sun\Java\bin;C:\WINDOWS\system32;C:\WINDOWS;C:\Users\Alexander George\anaconda3;C:\Users\Alexander George\anaconda3\Library\mingw-w64\bin;C:\Users\Alexander George\anaconda3\Library\usr\bin;C:\Users\Alexander George\anaconda3\Library\bin;C:\Users\Alexander George\anaconda3\Scripts;C:\Users\Alexander George\anaconda3\bin;C:\Users\Alexander George\anaconda3\condabin;C:\Program Files\Python312\Scripts;C:\Program Files\Python312;C:\Program Files\Common Files\Oracle\Java\javapath;C:\Program Files (x86)\Common Files\Oracle\Java\javapath;C:\WINDOWS\system32;C:\WINDOWS;C:\WINDOWS\System32\Wbem;C:\WINDOWS\System32\WindowsPowerShell\v1.0;C:\WINDOWS\System32\OpenSSH;C:\MinGW\bin;C:\MinGW\lib;C:\Program Files\Java\jdk-20\bin;C:\Program Files\Maven\apache-maven-3.9.4\bin;C:\Program Files\PuTTY;C:\Users\Alexander George\Downloads\sqlite;C:\Program Files\nodejs;C:\ProgramData\chocolatey\bin;C:\Program Files\Git\cmd;C:\Program Files (x86)\sbt\bin;C:\Ruby33-x64\bin;C:\Users\Alexander George\AppData\Local\Microsoft\WindowsApps;C:\Users\Alexander George\AppData\Local\Programs\Microsoft VS Code\bin;C:\Users\Alexander George\anaconda3\Scripts;C:\Users\Alexander George\anaconda3;C:\Users\Alexander George\anaconda3\Library\bin;C:\Users\Alexander George\AppData\Roaming\npm;C:\src\flutter\bin;C:\Users\Alexander George\AppData\Local\Pub\Cache\bin;C:\Users\Alexander George\AppData\Local\Coursier\data\bin;."/><property name="stderr.encoding" value="cp437"/><property name="java.vendor" value="Oracle Corporation"/><property name="scala.ext.dirs" value="C:\Users\Alexander George\.sbt\1.0\java9-rt-ext-oracle_corporation_20_0_2"/><property name="sun.io.unicode.encoding" value="UnicodeLittle"/><property name="java.class.path" value="C:\Program Files (x86)\sbt\\bin\sbt-launch.jar"/><property name="java.vm.vendor" value="Oracle Corporation"/><property name="user.variant" value=""/><property name="jline.shutdownhook" value="false"/><property name="user.timezone" value="America/Chicago"/><property name="java.vm.specification.version" value="20"/><property name="os.name" value="Windows 11"/><property name="sun.java.launcher" value="SUN_STANDARD"/><property name="user.country" value="US"/><property name="sun.cpu.endian" value="little"/><property name="user.home" value="C:\Users\Alexander George"/><property name="user.language" value="en"/><property name="sbt.ipcsocket.tmpdir" value="C:\Users\ALEXAN~1\AppData\Local\Temp\.sbtee336b9f\ipcsocket"/><property name="swoval.tmpdir" value="C:\Users\ALEXAN~1\AppData\Local\Temp\.sbtee336b9f\swoval"/><property name="jline.esc.timeout" value="0"/><property name="stdout.encoding" value="cp437"/><property name="path.separator" value=";"/><property name="os.version" value="10.0"/><property name="jna.nosys" value="true"/><property name="java.runtime.name" value="Java(TM) SE Runtime Environment"/><property name="java.vm.name" value="Java HotSpot(TM) 64-Bit Server VM"/><property name="java.vendor.url.bug" value="https://bugreport.java.com/bugreport/"/><property name="user.dir" value="C:\Users\Alexander George\IdeaProjects\HWCS476"/><property name="os.arch" value="amd64"/><property name="java.vm.info" value="mixed mode, sharing"/><property name="java.vm.version" value="20.0.2+9-78"/><property name="java.class.version" value="64.0"/>
    </properties>
          <testcase classname="FuzzyLogicTest" name="A fuzzy set should perform union correctly" time="0.038">
                      
                    </testcase><testcase classname="FuzzyLogicTest" name="A fuzzy set should perform intersection correctly" time="0.002">
                      
                    </testcase><testcase classname="FuzzyLogicTest" name="A fuzzy set should perform complement correctly 1" time="0.008">
                      
                    </testcase><testcase classname="FuzzyLogicTest" name="A fuzzy set should perform complement correctly 2" time="0.002">
                      
                    </testcase><testcase classname="FuzzyLogicTest" name="A fuzzy set should perform addition correctly" time="0.002">
                      
                    </testcase><testcase classname="FuzzyLogicTest" name="A fuzzy set should perform multiplication correctly" time="0.002">
                      
                    </testcase>
          <system-out><![CDATA[]]></system-out>
          <system-err><![CDATA[]]></system-err>
        </testsuite>